<?xml version="1.0" encoding="UTF-8"?>
<!-- Generated by org.testng.reporters.JUnitXMLReporter -->
<testsuite hostname="welcome-PC" ignored="0" name="Default test" tests="3" failures="0" timestamp="07 Jul 2019 23:47:00 GMT" time="56.283" errors="0">
  <testcase name="verifyHomePageTitleTest" time="0.074" classname="com.crm.qa.testcases.HomePageTest"/>
  <testcase name="verifyUserNameTest" time="0.884" classname="com.crm.qa.testcases.HomePageTest"/>
  <testcase name="verifyContactsLinkTest" time="3.103" classname="com.crm.qa.testcases.HomePageTest"/>
</testsuite> <!-- Default test -->
