<?xml version="1.0" encoding="UTF-8"?>
<!-- Generated by org.testng.reporters.JUnitXMLReporter -->
<testsuite hostname="welcome-PC" ignored="0" name="Command line test" tests="3" failures="0" timestamp="07 Jul 2019 23:50:29 GMT" time="74.338" errors="0">
  <testcase name="verifyContactsPageLabelTest" time="0.143" classname="com.crm.qa.testcases.ContactsPageTest"/>
  <testcase name="verifyHomePageTitleTest" time="0.035" classname="com.crm.qa.testcases.HomePageTest"/>
  <testcase name="loginPageTitleTest" time="0.027" classname="com.crm.qa.testcases.LoginPageTest"/>
</testsuite> <!-- Command line test -->
