<?xml version="1.0" encoding="UTF-8"?>
<testng-results skipped="0" failed="0" ignored="0" total="3" passed="3">
  <reporter-output>
  </reporter-output>
  <suite name="Command line suite" duration-ms="74338" started-at="2019-07-07T23:49:14Z" finished-at="2019-07-07T23:50:29Z">
    <groups>
    </groups>
    <test name="Command line test" duration-ms="74338" started-at="2019-07-07T23:49:14Z" finished-at="2019-07-07T23:50:29Z">
      <class name="com.crm.qa.testcases.HomePageTest">
        <test-method status="PASS" signature="setUp()[pri:0, instance:com.crm.qa.testcases.HomePageTest@614c5515]" name="setUp" is-config="true" duration-ms="20550" started-at="2019-07-07T23:49:59Z" finished-at="2019-07-07T23:50:20Z">
          <reporter-output>
          </reporter-output>
        </test-method> <!-- setUp -->
        <test-method status="PASS" signature="verifyHomePageTitleTest()[pri:1, instance:com.crm.qa.testcases.HomePageTest@614c5515]" name="verifyHomePageTitleTest" duration-ms="35" started-at="2019-07-07T23:50:20Z" finished-at="2019-07-07T23:50:20Z">
          <reporter-output>
          </reporter-output>
        </test-method> <!-- verifyHomePageTitleTest -->
        <test-method status="PASS" signature="tearDown()[pri:0, instance:com.crm.qa.testcases.HomePageTest@614c5515]" name="tearDown" is-config="true" duration-ms="721" started-at="2019-07-07T23:50:20Z" finished-at="2019-07-07T23:50:20Z">
          <reporter-output>
          </reporter-output>
        </test-method> <!-- tearDown -->
      </class> <!-- com.crm.qa.testcases.HomePageTest -->
      <class name="com.crm.qa.testcases.ContactsPageTest">
        <test-method status="PASS" signature="setUp()[pri:0, instance:com.crm.qa.testcases.ContactsPageTest@6fb554cc]" name="setUp" is-config="true" duration-ms="43584" started-at="2019-07-07T23:49:15Z" finished-at="2019-07-07T23:49:58Z">
          <reporter-output>
          </reporter-output>
        </test-method> <!-- setUp -->
        <test-method status="PASS" signature="verifyContactsPageLabelTest()[pri:1, instance:com.crm.qa.testcases.ContactsPageTest@6fb554cc]" name="verifyContactsPageLabelTest" duration-ms="143" started-at="2019-07-07T23:49:58Z" finished-at="2019-07-07T23:49:58Z">
          <reporter-output>
          </reporter-output>
        </test-method> <!-- verifyContactsPageLabelTest -->
        <test-method status="PASS" signature="tearDown()[pri:0, instance:com.crm.qa.testcases.ContactsPageTest@6fb554cc]" name="tearDown" is-config="true" duration-ms="808" started-at="2019-07-07T23:49:58Z" finished-at="2019-07-07T23:49:59Z">
          <reporter-output>
          </reporter-output>
        </test-method> <!-- tearDown -->
      </class> <!-- com.crm.qa.testcases.ContactsPageTest -->
      <class name="com.crm.qa.testcases.LoginPageTest">
        <test-method status="PASS" signature="setUp()[pri:0, instance:com.crm.qa.testcases.LoginPageTest@77b52d12]" name="setUp" is-config="true" duration-ms="7571" started-at="2019-07-07T23:50:20Z" finished-at="2019-07-07T23:50:28Z">
          <reporter-output>
          </reporter-output>
        </test-method> <!-- setUp -->
        <test-method status="PASS" signature="loginPageTitleTest()[pri:1, instance:com.crm.qa.testcases.LoginPageTest@77b52d12]" name="loginPageTitleTest" duration-ms="27" started-at="2019-07-07T23:50:28Z" finished-at="2019-07-07T23:50:28Z">
          <reporter-output>
          </reporter-output>
        </test-method> <!-- loginPageTitleTest -->
        <test-method status="PASS" signature="tearDown()[pri:0, instance:com.crm.qa.testcases.LoginPageTest@77b52d12]" name="tearDown" is-config="true" duration-ms="790" started-at="2019-07-07T23:50:28Z" finished-at="2019-07-07T23:50:29Z">
          <reporter-output>
          </reporter-output>
        </test-method> <!-- tearDown -->
      </class> <!-- com.crm.qa.testcases.LoginPageTest -->
    </test> <!-- Command line test -->
  </suite> <!-- Command line suite -->
</testng-results>
