<?xml version="1.0" encoding="UTF-8"?>
<testng-results skipped="0" failed="0" ignored="0" total="3" passed="3">
  <reporter-output>
  </reporter-output>
  <suite name="Default suite" duration-ms="56283" started-at="2019-07-07T23:46:04Z" finished-at="2019-07-07T23:47:00Z">
    <groups>
    </groups>
    <test name="Default test" duration-ms="56283" started-at="2019-07-07T23:46:04Z" finished-at="2019-07-07T23:47:00Z">
      <class name="com.crm.qa.testcases.HomePageTest">
        <test-method status="PASS" signature="setUp()[pri:0, instance:com.crm.qa.testcases.HomePageTest@42e26948]" name="setUp" is-config="true" duration-ms="19164" started-at="2019-07-07T23:46:04Z" finished-at="2019-07-07T23:46:23Z">
          <reporter-output>
          </reporter-output>
        </test-method> <!-- setUp -->
        <test-method status="PASS" signature="verifyHomePageTitleTest()[pri:1, instance:com.crm.qa.testcases.HomePageTest@42e26948]" name="verifyHomePageTitleTest" duration-ms="74" started-at="2019-07-07T23:46:23Z" finished-at="2019-07-07T23:46:23Z">
          <reporter-output>
          </reporter-output>
        </test-method> <!-- verifyHomePageTitleTest -->
        <test-method status="PASS" signature="tearDown()[pri:0, instance:com.crm.qa.testcases.HomePageTest@42e26948]" name="tearDown" is-config="true" duration-ms="1312" started-at="2019-07-07T23:46:23Z" finished-at="2019-07-07T23:46:24Z">
          <reporter-output>
          </reporter-output>
        </test-method> <!-- tearDown -->
        <test-method status="PASS" signature="setUp()[pri:0, instance:com.crm.qa.testcases.HomePageTest@42e26948]" name="setUp" is-config="true" duration-ms="14107" started-at="2019-07-07T23:46:24Z" finished-at="2019-07-07T23:46:38Z">
          <reporter-output>
          </reporter-output>
        </test-method> <!-- setUp -->
        <test-method status="PASS" signature="verifyUserNameTest()[pri:2, instance:com.crm.qa.testcases.HomePageTest@42e26948]" name="verifyUserNameTest" duration-ms="884" started-at="2019-07-07T23:46:38Z" finished-at="2019-07-07T23:46:39Z">
          <reporter-output>
          </reporter-output>
        </test-method> <!-- verifyUserNameTest -->
        <test-method status="PASS" signature="tearDown()[pri:0, instance:com.crm.qa.testcases.HomePageTest@42e26948]" name="tearDown" is-config="true" duration-ms="832" started-at="2019-07-07T23:46:39Z" finished-at="2019-07-07T23:46:40Z">
          <reporter-output>
          </reporter-output>
        </test-method> <!-- tearDown -->
        <test-method status="PASS" signature="setUp()[pri:0, instance:com.crm.qa.testcases.HomePageTest@42e26948]" name="setUp" is-config="true" duration-ms="15831" started-at="2019-07-07T23:46:40Z" finished-at="2019-07-07T23:46:56Z">
          <reporter-output>
          </reporter-output>
        </test-method> <!-- setUp -->
        <test-method status="PASS" signature="verifyContactsLinkTest()[pri:3, instance:com.crm.qa.testcases.HomePageTest@42e26948]" name="verifyContactsLinkTest" duration-ms="3103" started-at="2019-07-07T23:46:56Z" finished-at="2019-07-07T23:46:59Z">
          <reporter-output>
          </reporter-output>
        </test-method> <!-- verifyContactsLinkTest -->
        <test-method status="PASS" signature="tearDown()[pri:0, instance:com.crm.qa.testcases.HomePageTest@42e26948]" name="tearDown" is-config="true" duration-ms="843" started-at="2019-07-07T23:46:59Z" finished-at="2019-07-07T23:47:00Z">
          <reporter-output>
          </reporter-output>
        </test-method> <!-- tearDown -->
      </class> <!-- com.crm.qa.testcases.HomePageTest -->
    </test> <!-- Default test -->
  </suite> <!-- Default suite -->
</testng-results>
